<?xml version="1.0" encoding="UTF-8"?>
<robot generator="Robot 7.0 (Python 3.12.3 on win32)" generated="2024-06-06T10:25:35.579060" rpa="false" schemaversion="5">
<suite id="s1" name="Test Login Logout" source="c:\Users\wali.alam\SwagLabsAutomation\tests\test_login_logout.robot">
<test id="s1-t1" name="Verify Standard user Logout" line="32">
<kw name="Begin Web Test" owner="common" type="SETUP">
<kw name="Open Browser" owner="SeleniumLibrary">
<msg time="2024-06-06T10:25:35.726281" level="INFO">Opening browser 'chrome' to base url 'https://www.saucedemo.com/'.</msg>
<arg>${URL}</arg>
<arg>${BROWSER}</arg>
<doc>Opens a new browser instance to the optional ``url``.</doc>
<status status="PASS" start="2024-06-06T10:25:35.726281" elapsed="1.774607"/>
</kw>
<kw name="Maximize Browser Window" owner="SeleniumLibrary">
<doc>Maximizes current browser window.</doc>
<status status="PASS" start="2024-06-06T10:25:37.502259" elapsed="0.036380"/>
</kw>
<status status="PASS" start="2024-06-06T10:25:35.726281" elapsed="1.813352"/>
</kw>
<kw name="Login As User" owner="LoginPage">
<kw name="Input Text" owner="SeleniumLibrary">
<msg time="2024-06-06T10:25:37.541639" level="INFO">Typing text 'standard_user' into text field 'name=user-name'.</msg>
<arg>name=user-name</arg>
<arg>${username}</arg>
<doc>Types the given ``text`` into the text field identified by ``locator``.</doc>
<status status="PASS" start="2024-06-06T10:25:37.540632" elapsed="0.116962"/>
</kw>
<kw name="Input Text" owner="SeleniumLibrary">
<msg time="2024-06-06T10:25:37.657594" level="INFO">Typing text 'secret_sauce' into text field 'name=password'.</msg>
<arg>name=password</arg>
<arg>${password}</arg>
<doc>Types the given ``text`` into the text field identified by ``locator``.</doc>
<status status="PASS" start="2024-06-06T10:25:37.657594" elapsed="0.087774"/>
</kw>
<kw name="Click Button" owner="SeleniumLibrary">
<msg time="2024-06-06T10:25:37.746373" level="INFO">Clicking button 'name=login-button'.</msg>
<arg>name=login-button</arg>
<doc>Clicks the button identified by ``locator``.</doc>
<status status="PASS" start="2024-06-06T10:25:37.746373" elapsed="0.069698"/>
</kw>
<arg>${USERNAME}</arg>
<arg>${PASSWORD}</arg>
<status status="PASS" start="2024-06-06T10:25:37.539633" elapsed="0.276438"/>
</kw>
<kw name="Sleep" owner="BuiltIn">
<msg time="2024-06-06T10:25:40.816328" level="INFO">Slept 3 seconds.</msg>
<arg>3s</arg>
<doc>Pauses the test executed for the given time.</doc>
<status status="PASS" start="2024-06-06T10:25:37.816071" elapsed="3.001370"/>
</kw>
<kw name="Verify Logout is sucessfull" owner="LoginPage">
<kw name="Wait Until Page Contains Element" owner="SeleniumLibrary">
<arg>class=inventory_list</arg>
<doc>Waits until the element ``locator`` appears on the current page.</doc>
<status status="PASS" start="2024-06-06T10:25:40.818345" elapsed="0.012186"/>
</kw>
<kw name="Logout" owner="LoginPage">
<kw name="Click Element" owner="SeleniumLibrary">
<msg time="2024-06-06T10:25:40.831636" level="INFO">Clicking element 'id=react-burger-menu-btn'.</msg>
<arg>id=react-burger-menu-btn</arg>
<doc>Click the element identified by ``locator``.</doc>
<status status="PASS" start="2024-06-06T10:25:40.831636" elapsed="0.027458"/>
</kw>
<kw name="Sleep" owner="BuiltIn">
<msg time="2024-06-06T10:25:43.860653" level="INFO">Slept 3 seconds.</msg>
<arg>3s</arg>
<doc>Pauses the test executed for the given time.</doc>
<status status="PASS" start="2024-06-06T10:25:40.860496" elapsed="3.000157"/>
</kw>
<kw name="Click Element" owner="SeleniumLibrary">
<msg time="2024-06-06T10:25:43.861667" level="INFO">Clicking element 'id=logout_sidebar_link'.</msg>
<arg>id=logout_sidebar_link</arg>
<doc>Click the element identified by ``locator``.</doc>
<status status="PASS" start="2024-06-06T10:25:43.861667" elapsed="0.032671"/>
</kw>
<kw name="Wait Until Element Is Visible" owner="SeleniumLibrary">
<arg>id=user-name</arg>
<doc>Waits until the element ``locator`` is visible.</doc>
<status status="PASS" start="2024-06-06T10:25:43.894338" elapsed="0.050051"/>
</kw>
<status status="PASS" start="2024-06-06T10:25:40.831636" elapsed="3.112753"/>
</kw>
<status status="PASS" start="2024-06-06T10:25:40.818345" elapsed="3.126044"/>
</kw>
<kw name="Sleep" owner="BuiltIn">
<msg time="2024-06-06T10:25:46.946484" level="INFO">Slept 3 seconds.</msg>
<arg>3s</arg>
<doc>Pauses the test executed for the given time.</doc>
<status status="PASS" start="2024-06-06T10:25:43.945435" elapsed="3.001642"/>
</kw>
<kw name="End Web Test" owner="common" type="TEARDOWN">
<kw name="Close Browser" owner="SeleniumLibrary">
<doc>Closes the current browser.</doc>
<status status="PASS" start="2024-06-06T10:25:46.950801" elapsed="2.175075"/>
</kw>
<status status="PASS" start="2024-06-06T10:25:46.950104" elapsed="2.177674"/>
</kw>
<status status="PASS" start="2024-06-06T10:25:35.726281" elapsed="13.401497"/>
</test>
<doc>test login and logout suite</doc>
<status status="PASS" start="2024-06-06T10:25:35.581573" elapsed="13.546205"/>
</suite>
<statistics>
<total>
<stat pass="1" fail="0" skip="0">All Tests</stat>
</total>
<tag>
</tag>
<suite>
<stat pass="1" fail="0" skip="0" id="s1" name="Test Login Logout">Test Login Logout</stat>
</suite>
</statistics>
<errors>
</errors>
</robot>
